This is pdfTeX, Version 3.14159265-2.6-1.40.18 (TeX Live 2017) (preloaded format=pdflatex 2017.5.23)  20 SEP 2017 15:52
entering extended mode
 restricted \write18 enabled.
 %&-line parsing enabled.
**/Users/olegsofrygin/GoogleDrive/Network_TMLE/Betsy_sims_dependentY/simulation
s_results_dependentY/Simulations_figures.tex

(/Users/olegsofrygin/GoogleDrive/Network_TMLE/Betsy_sims_dependentY/simulations
_results_dependentY/Simulations_figures.tex
LaTeX2e <2017-04-15>
Babel <3.10> and hyphenation patterns for 84 language(s) loaded.
(/usr/local/texlive/2017/texmf-dist/tex/latex/base/article.cls
Document Class: article 2014/09/29 v1.4h Standard LaTeX document class
(/usr/local/texlive/2017/texmf-dist/tex/latex/base/size10.clo
File: size10.clo 2014/09/29 v1.4h Standard LaTeX file (size option)
)
\c@part=\count79
\c@section=\count80
\c@subsection=\count81
\c@subsubsection=\count82
\c@paragraph=\count83
\c@subparagraph=\count84
\c@figure=\count85
\c@table=\count86
\abovecaptionskip=\skip41
\belowcaptionskip=\skip42
\bibindent=\dimen102
) (/usr/local/texlive/2017/texmf-dist/tex/latex/graphics/graphicx.sty
Package: graphicx 2014/10/28 v1.0g Enhanced LaTeX Graphics (DPC,SPQR)
(/usr/local/texlive/2017/texmf-dist/tex/latex/graphics/keyval.sty
Package: keyval 2014/10/28 v1.15 key=value parser (DPC)
\KV@toks@=\toks14
) (/usr/local/texlive/2017/texmf-dist/tex/latex/graphics/graphics.sty
Package: graphics 2017/04/14 v1.1b Standard LaTeX Graphics (DPC,SPQR)
(/usr/local/texlive/2017/texmf-dist/tex/latex/graphics/trig.sty
Package: trig 2016/01/03 v1.10 sin cos tan (DPC)
) (/usr/local/texlive/2017/texmf-dist/tex/latex/graphics-cfg/graphics.cfg
File: graphics.cfg 2016/06/04 v1.11 sample graphics configuration
)
Package graphics Info: Driver file: pdftex.def on input line 99.
(/usr/local/texlive/2017/texmf-dist/tex/latex/graphics-def/pdftex.def
File: pdftex.def 2017/01/12 v0.06k Graphics/color for pdfTeX
(/usr/local/texlive/2017/texmf-dist/tex/generic/oberdiek/infwarerr.sty
Package: infwarerr 2016/05/16 v1.4 Providing info/warning/error messages (HO)
) (/usr/local/texlive/2017/texmf-dist/tex/generic/oberdiek/ltxcmds.sty
Package: ltxcmds 2016/05/16 v1.23 LaTeX kernel commands for general use (HO)
)
\Gread@gobject=\count87
))
\Gin@req@height=\dimen103
\Gin@req@width=\dimen104
) (/usr/local/texlive/2017/texmf-dist/tex/latex/graphics/color.sty
Package: color 2016/07/10 v1.1e Standard LaTeX Color (DPC)
(/usr/local/texlive/2017/texmf-dist/tex/latex/graphics-cfg/color.cfg
File: color.cfg 2016/01/02 v1.6 sample color configuration
)
Package color Info: Driver file: pdftex.def on input line 147.
) (/usr/local/texlive/2017/texmf-dist/tex/latex/framed/framed.sty
Package: framed 2011/10/22 v 0.96: framed or shaded text with page breaks
\OuterFrameSep=\skip43
\fb@frw=\dimen105
\fb@frh=\dimen106
\FrameRule=\dimen107
\FrameSep=\dimen108
) (/usr/local/texlive/2017/texmf-dist/tex/latex/base/alltt.sty
Package: alltt 1997/06/16 v2.0g defines alltt environment
) (/usr/local/texlive/2017/texmf-dist/tex/latex/base/fontenc.sty
Package: fontenc 2017/04/05 v2.0i Standard LaTeX package
(/usr/local/texlive/2017/texmf-dist/tex/latex/base/t1enc.def
File: t1enc.def 2017/04/05 v2.0i Standard LaTeX file
LaTeX Font Info:    Redeclaring font encoding T1 on input line 48.
)) (/usr/local/texlive/2017/texmf-dist/tex/latex/base/inputenc.sty
Package: inputenc 2015/03/17 v1.2c Input encoding file
\inpenc@prehook=\toks15
\inpenc@posthook=\toks16
(/usr/local/texlive/2017/texmf-dist/tex/latex/base/latin9.def
File: latin9.def 2015/03/17 v1.2c Input encoding file
)) (/usr/local/texlive/2017/texmf-dist/tex/latex/geometry/geometry.sty
Package: geometry 2010/09/12 v5.6 Page Geometry
(/usr/local/texlive/2017/texmf-dist/tex/generic/oberdiek/ifpdf.sty
Package: ifpdf 2017/03/15 v3.2 Provides the ifpdf switch
) (/usr/local/texlive/2017/texmf-dist/tex/generic/oberdiek/ifvtex.sty
Package: ifvtex 2016/05/16 v1.6 Detect VTeX and its facilities (HO)
Package ifvtex Info: VTeX not detected.
) (/usr/local/texlive/2017/texmf-dist/tex/generic/ifxetex/ifxetex.sty
Package: ifxetex 2010/09/12 v0.6 Provides ifxetex conditional
)
\Gm@cnth=\count88
\Gm@cntv=\count89
\c@Gm@tempcnt=\count90
\Gm@bindingoffset=\dimen109
\Gm@wd@mp=\dimen110
\Gm@odd@mp=\dimen111
\Gm@even@mp=\dimen112
\Gm@layoutwidth=\dimen113
\Gm@layoutheight=\dimen114
\Gm@layouthoffset=\dimen115
\Gm@layoutvoffset=\dimen116
\Gm@dimlist=\toks17
) (/usr/local/texlive/2017/texmf-dist/tex/latex/amscls/amsthm.sty
Package: amsthm 2015/03/04 v2.20.2
\thm@style=\toks18
\thm@bodyfont=\toks19
\thm@headfont=\toks20
\thm@notefont=\toks21
\thm@headpunct=\toks22
\thm@preskip=\skip44
\thm@postskip=\skip45
\thm@headsep=\skip46
\dth@everypar=\toks23
) (/usr/local/texlive/2017/texmf-dist/tex/latex/amsmath/amsmath.sty
Package: amsmath 2016/11/05 v2.16a AMS math features
\@mathmargin=\skip47
For additional information on amsmath, use the `?' option.
(/usr/local/texlive/2017/texmf-dist/tex/latex/amsmath/amstext.sty
Package: amstext 2000/06/29 v2.01 AMS text
(/usr/local/texlive/2017/texmf-dist/tex/latex/amsmath/amsgen.sty
File: amsgen.sty 1999/11/30 v2.0 generic functions
\@emptytoks=\toks24
\ex@=\dimen117
)) (/usr/local/texlive/2017/texmf-dist/tex/latex/amsmath/amsbsy.sty
Package: amsbsy 1999/11/29 v1.2d Bold Symbols
\pmbraise@=\dimen118
) (/usr/local/texlive/2017/texmf-dist/tex/latex/amsmath/amsopn.sty
Package: amsopn 2016/03/08 v2.02 operator names
)
\inf@bad=\count91
LaTeX Info: Redefining \frac on input line 213.
\uproot@=\count92
\leftroot@=\count93
LaTeX Info: Redefining \overline on input line 375.
\classnum@=\count94
\DOTSCASE@=\count95
LaTeX Info: Redefining \ldots on input line 472.
LaTeX Info: Redefining \dots on input line 475.
LaTeX Info: Redefining \cdots on input line 596.
\Mathstrutbox@=\box26
\strutbox@=\box27
\big@size=\dimen119
LaTeX Font Info:    Redeclaring font encoding OML on input line 712.
LaTeX Font Info:    Redeclaring font encoding OMS on input line 713.
\macc@depth=\count96
\c@MaxMatrixCols=\count97
\dotsspace@=\muskip10
\c@parentequation=\count98
\dspbrk@lvl=\count99
\tag@help=\toks25
\row@=\count100
\column@=\count101
\maxfields@=\count102
\andhelp@=\toks26
\eqnshift@=\dimen120
\alignsep@=\dimen121
\tagshift@=\dimen122
\tagwidth@=\dimen123
\totwidth@=\dimen124
\lineht@=\dimen125
\@envbody=\toks27
\multlinegap=\skip48
\multlinetaggap=\skip49
\mathdisplay@stack=\toks28
LaTeX Info: Redefining \[ on input line 2817.
LaTeX Info: Redefining \] on input line 2818.
) (/usr/local/texlive/2017/texmf-dist/tex/latex/amsfonts/amssymb.sty
Package: amssymb 2013/01/14 v3.01 AMS font symbols
(/usr/local/texlive/2017/texmf-dist/tex/latex/amsfonts/amsfonts.sty
Package: amsfonts 2013/01/14 v3.01 Basic AMSFonts support
\symAMSa=\mathgroup4
\symAMSb=\mathgroup5
LaTeX Font Info:    Overwriting math alphabet `\mathfrak' in version `bold'
(Font)                  U/euf/m/n --> U/euf/b/n on input line 106.
)) (/usr/local/texlive/2017/texmf-dist/tex/latex/setspace/setspace.sty
Package: setspace 2011/12/19 v6.7a set line spacing
) (/usr/local/texlive/2017/texmf-dist/tex/latex/esint/esint.sty
Package: esint 
\symlargesymbolsA=\mathgroup6
) (/usr/local/texlive/2017/texmf-dist/tex/latex/natbib/natbib.sty
Package: natbib 2010/09/13 8.31b (PWD, AO)
\bibhang=\skip50
\bibsep=\skip51
LaTeX Info: Redefining \cite on input line 694.
\c@NAT@ctr=\count103
) (/usr/local/texlive/2017/texmf-dist/tex/latex/preprint/authblk.sty
Package: authblk 2001/02/27 1.3 (PWD)
\affilsep=\skip52
\@affilsep=\skip53
\c@Maxaffil=\count104
\c@authors=\count105
\c@affil=\count106
) (/usr/local/texlive/2017/texmf-dist/tex/latex/footmisc/footmisc.sty
Package: footmisc 2011/06/06 v5.5b a miscellany of footnote facilities
\FN@temptoken=\toks29
\footnotemargin=\dimen126
\c@pp@next@reset=\count107
Package footmisc Info: Declaring symbol style bringhurst on input line 855.
Package footmisc Info: Declaring symbol style chicago on input line 863.
Package footmisc Info: Declaring symbol style wiley on input line 872.
Package footmisc Info: Declaring symbol style lamport-robust on input line 883.

Package footmisc Info: Declaring symbol style lamport* on input line 903.
Package footmisc Info: Declaring symbol style lamport*-robust on input line 924
.
) (/usr/local/texlive/2017/texmf-dist/tex/latex/oberdiek/pdflscape.sty
Package: pdflscape 2016/05/14 v0.11 Display of landscape pages in PDF (HO)
(/usr/local/texlive/2017/texmf-dist/tex/latex/graphics/lscape.sty
Package: lscape 2000/10/22 v3.01 Landscape Pages (DPC)
)
Package pdflscape Info: Auto-detected driver: pdftex on input line 81.
) (/usr/local/texlive/2017/texmf-dist/tex/latex/booktabs/booktabs.sty
Package: booktabs 2016/04/27 v1.618033 publication quality tables
\heavyrulewidth=\dimen127
\lightrulewidth=\dimen128
\cmidrulewidth=\dimen129
\belowrulesep=\dimen130
\belowbottomsep=\dimen131
\aboverulesep=\dimen132
\abovetopsep=\dimen133
\cmidrulesep=\dimen134
\cmidrulekern=\dimen135
\defaultaddspace=\dimen136
\@cmidla=\count108
\@cmidlb=\count109
\@aboverulesep=\dimen137
\@belowrulesep=\dimen138
\@thisruleclass=\count110
\@lastruleclass=\count111
\@thisrulewidth=\dimen139
) (/usr/local/texlive/2017/texmf-dist/tex/latex/hyperref/hyperref.sty
Package: hyperref 2017/03/14 v6.85a Hypertext links for LaTeX
(/usr/local/texlive/2017/texmf-dist/tex/generic/oberdiek/hobsub-hyperref.sty
Package: hobsub-hyperref 2016/05/16 v1.14 Bundle oberdiek, subset hyperref (HO)

(/usr/local/texlive/2017/texmf-dist/tex/generic/oberdiek/hobsub-generic.sty
Package: hobsub-generic 2016/05/16 v1.14 Bundle oberdiek, subset generic (HO)
Package: hobsub 2016/05/16 v1.14 Construct package bundles (HO)
Package hobsub Info: Skipping package `infwarerr' (already loaded).
Package hobsub Info: Skipping package `ltxcmds' (already loaded).
Package: ifluatex 2016/05/16 v1.4 Provides the ifluatex switch (HO)
Package ifluatex Info: LuaTeX not detected.
Package hobsub Info: Skipping package `ifvtex' (already loaded).
Package: intcalc 2016/05/16 v1.2 Expandable calculations with integers (HO)
Package hobsub Info: Skipping package `ifpdf' (already loaded).
Package: etexcmds 2016/05/16 v1.6 Avoid name clashes with e-TeX commands (HO)
Package etexcmds Info: Could not find \expanded.
(etexcmds)             That can mean that you are not using pdfTeX 1.50 or
(etexcmds)             that some package has redefined \expanded.
(etexcmds)             In the latter case, load this package earlier.
Package: kvsetkeys 2016/05/16 v1.17 Key value parser (HO)
Package: kvdefinekeys 2016/05/16 v1.4 Define keys (HO)
Package: pdftexcmds 2017/03/19 v0.25 Utility functions of pdfTeX for LuaTeX (HO
)
Package pdftexcmds Info: LuaTeX not detected.
Package pdftexcmds Info: \pdf@primitive is available.
Package pdftexcmds Info: \pdf@ifprimitive is available.
Package pdftexcmds Info: \pdfdraftmode found.
Package: pdfescape 2016/05/16 v1.14 Implements pdfTeX's escape features (HO)
Package: bigintcalc 2016/05/16 v1.4 Expandable calculations on big integers (HO
)
Package: bitset 2016/05/16 v1.2 Handle bit-vector datatype (HO)
Package: uniquecounter 2016/05/16 v1.3 Provide unlimited unique counter (HO)
)
Package hobsub Info: Skipping package `hobsub' (already loaded).
Package: letltxmacro 2016/05/16 v1.5 Let assignment for LaTeX macros (HO)
Package: hopatch 2016/05/16 v1.3 Wrapper for package hooks (HO)
Package: xcolor-patch 2016/05/16 xcolor patch
Package: atveryend 2016/05/16 v1.9 Hooks at the very end of document (HO)
Package atveryend Info: \enddocument detected (standard20110627).
Package: atbegshi 2016/06/09 v1.18 At begin shipout hook (HO)
Package: refcount 2016/05/16 v3.5 Data extraction from label references (HO)
Package: hycolor 2016/05/16 v1.8 Color options for hyperref/bookmark (HO)
) (/usr/local/texlive/2017/texmf-dist/tex/latex/oberdiek/auxhook.sty
Package: auxhook 2016/05/16 v1.4 Hooks for auxiliary files (HO)
) (/usr/local/texlive/2017/texmf-dist/tex/latex/oberdiek/kvoptions.sty
Package: kvoptions 2016/05/16 v3.12 Key value format for package options (HO)
)
\@linkdim=\dimen140
\Hy@linkcounter=\count112
\Hy@pagecounter=\count113
(/usr/local/texlive/2017/texmf-dist/tex/latex/hyperref/pd1enc.def
File: pd1enc.def 2017/03/14 v6.85a Hyperref: PDFDocEncoding definition (HO)
)
\Hy@SavedSpaceFactor=\count114
(/usr/local/texlive/2017/texmf-dist/tex/latex/latexconfig/hyperref.cfg
File: hyperref.cfg 2002/06/06 v1.2 hyperref configuration of TeXLive
)
Package hyperref Info: Option `colorlinks' set `true' on input line 4374.
Package hyperref Info: Hyper figures OFF on input line 4498.
Package hyperref Info: Link nesting OFF on input line 4503.
Package hyperref Info: Hyper index ON on input line 4506.
Package hyperref Info: Plain pages OFF on input line 4513.
Package hyperref Info: Backreferencing OFF on input line 4518.
Package hyperref Info: Implicit mode ON; LaTeX internals redefined.
Package hyperref Info: Bookmarks ON on input line 4751.
\c@Hy@tempcnt=\count115
(/usr/local/texlive/2017/texmf-dist/tex/latex/url/url.sty
\Urlmuskip=\muskip11
Package: url 2013/09/16  ver 3.4  Verb mode for urls, etc.
)
LaTeX Info: Redefining \url on input line 5104.
\XeTeXLinkMargin=\dimen141
\Fld@menulength=\count116
\Field@Width=\dimen142
\Fld@charsize=\dimen143
Package hyperref Info: Hyper figures OFF on input line 6358.
Package hyperref Info: Link nesting OFF on input line 6363.
Package hyperref Info: Hyper index ON on input line 6366.
Package hyperref Info: backreferencing OFF on input line 6373.
Package hyperref Info: Link coloring ON on input line 6376.
Package hyperref Info: Link coloring with OCG OFF on input line 6383.
Package hyperref Info: PDF/A mode OFF on input line 6388.
LaTeX Info: Redefining \ref on input line 6428.
LaTeX Info: Redefining \pageref on input line 6432.
\Hy@abspage=\count117
\c@Item=\count118
\c@Hfootnote=\count119
)

Package hyperref Message: Driver (autodetected): hpdftex.

(/usr/local/texlive/2017/texmf-dist/tex/latex/hyperref/hpdftex.def
File: hpdftex.def 2017/03/14 v6.85a Hyperref driver for pdfTeX
\Fld@listcount=\count120
\c@bookmark@seq@number=\count121
(/usr/local/texlive/2017/texmf-dist/tex/latex/oberdiek/rerunfilecheck.sty
Package: rerunfilecheck 2016/05/16 v1.8 Rerun checks for auxiliary files (HO)
Package uniquecounter Info: New unique counter `rerunfilecheck' on input line 2
82.
)
\Hy@SectionHShift=\skip54
) (/usr/local/texlive/2017/texmf-dist/tex/latex/float/float.sty
Package: float 2001/11/08 v1.3d Float enhancements (AL)
\c@float@type=\count122
\float@exts=\toks30
\float@box=\box28
\@float@everytoks=\toks31
\@floatcapt=\box29
)
Package color Info: Redefining color blue on input line 78.
Package color Info: Redefining color red on input line 79.
Package color Info: Redefining color green on input line 80.
(/usr/local/texlive/2017/texmf-dist/tex/generic/babel/babel.sty
Package: babel 2017/05/19 3.10 The Babel package
(/usr/local/texlive/2017/texmf-dist/tex/generic/babel-english/english.ldf
Language: english 2017/01/24 v3.3q English support from the babel system
(/usr/local/texlive/2017/texmf-dist/tex/generic/babel/babel.def
File: babel.def 2017/05/19 3.10 Babel common definitions
\babel@savecnt=\count123
\U@D=\dimen144
)
\l@canadian = a dialect from \language\l@american 
\l@australian = a dialect from \language\l@british 
\l@newzealand = a dialect from \language\l@british 
)) (/usr/local/texlive/2017/texmf-dist/tex/latex/upquote/upquote.sty
Package: upquote 2012/04/19 v1.3 upright-quote and grave-accent glyphs in verba
tim
(/usr/local/texlive/2017/texmf-dist/tex/latex/base/textcomp.sty
Package: textcomp 2017/04/05 v2.0i Standard LaTeX package
Package textcomp Info: Sub-encoding information:
(textcomp)               5 = only ISO-Adobe without \textcurrency
(textcomp)               4 = 5 + \texteuro
(textcomp)               3 = 4 + \textohm
(textcomp)               2 = 3 + \textestimated + \textcurrency
(textcomp)               1 = TS1 - \textcircled - \t
(textcomp)               0 = TS1 (full)
(textcomp)             Font families with sub-encoding setting implement
(textcomp)             only a restricted character set as indicated.
(textcomp)             Family '?' is the default used for unknown fonts.
(textcomp)             See the documentation for details.
Package textcomp Info: Setting ? sub-encoding to TS1/1 on input line 79.
(/usr/local/texlive/2017/texmf-dist/tex/latex/base/ts1enc.def
File: ts1enc.def 2001/06/05 v3.0e (jk/car/fm) Standard LaTeX file
)
LaTeX Info: Redefining \oldstylenums on input line 334.
Package textcomp Info: Setting cmr sub-encoding to TS1/0 on input line 349.
Package textcomp Info: Setting cmss sub-encoding to TS1/0 on input line 350.
Package textcomp Info: Setting cmtt sub-encoding to TS1/0 on input line 351.
Package textcomp Info: Setting cmvtt sub-encoding to TS1/0 on input line 352.
Package textcomp Info: Setting cmbr sub-encoding to TS1/0 on input line 353.
Package textcomp Info: Setting cmtl sub-encoding to TS1/0 on input line 354.
Package textcomp Info: Setting ccr sub-encoding to TS1/0 on input line 355.
Package textcomp Info: Setting ptm sub-encoding to TS1/4 on input line 356.
Package textcomp Info: Setting pcr sub-encoding to TS1/4 on input line 357.
Package textcomp Info: Setting phv sub-encoding to TS1/4 on input line 358.
Package textcomp Info: Setting ppl sub-encoding to TS1/3 on input line 359.
Package textcomp Info: Setting pag sub-encoding to TS1/4 on input line 360.
Package textcomp Info: Setting pbk sub-encoding to TS1/4 on input line 361.
Package textcomp Info: Setting pnc sub-encoding to TS1/4 on input line 362.
Package textcomp Info: Setting pzc sub-encoding to TS1/4 on input line 363.
Package textcomp Info: Setting bch sub-encoding to TS1/4 on input line 364.
Package textcomp Info: Setting put sub-encoding to TS1/5 on input line 365.
Package textcomp Info: Setting uag sub-encoding to TS1/5 on input line 366.
Package textcomp Info: Setting ugq sub-encoding to TS1/5 on input line 367.
Package textcomp Info: Setting ul8 sub-encoding to TS1/4 on input line 368.
Package textcomp Info: Setting ul9 sub-encoding to TS1/4 on input line 369.
Package textcomp Info: Setting augie sub-encoding to TS1/5 on input line 370.
Package textcomp Info: Setting dayrom sub-encoding to TS1/3 on input line 371.
Package textcomp Info: Setting dayroms sub-encoding to TS1/3 on input line 372.

Package textcomp Info: Setting pxr sub-encoding to TS1/0 on input line 373.
Package textcomp Info: Setting pxss sub-encoding to TS1/0 on input line 374.
Package textcomp Info: Setting pxtt sub-encoding to TS1/0 on input line 375.
Package textcomp Info: Setting txr sub-encoding to TS1/0 on input line 376.
Package textcomp Info: Setting txss sub-encoding to TS1/0 on input line 377.
Package textcomp Info: Setting txtt sub-encoding to TS1/0 on input line 378.
Package textcomp Info: Setting lmr sub-encoding to TS1/0 on input line 379.
Package textcomp Info: Setting lmdh sub-encoding to TS1/0 on input line 380.
Package textcomp Info: Setting lmss sub-encoding to TS1/0 on input line 381.
Package textcomp Info: Setting lmssq sub-encoding to TS1/0 on input line 382.
Package textcomp Info: Setting lmvtt sub-encoding to TS1/0 on input line 383.
Package textcomp Info: Setting lmtt sub-encoding to TS1/0 on input line 384.
Package textcomp Info: Setting qhv sub-encoding to TS1/0 on input line 385.
Package textcomp Info: Setting qag sub-encoding to TS1/0 on input line 386.
Package textcomp Info: Setting qbk sub-encoding to TS1/0 on input line 387.
Package textcomp Info: Setting qcr sub-encoding to TS1/0 on input line 388.
Package textcomp Info: Setting qcs sub-encoding to TS1/0 on input line 389.
Package textcomp Info: Setting qpl sub-encoding to TS1/0 on input line 390.
Package textcomp Info: Setting qtm sub-encoding to TS1/0 on input line 391.
Package textcomp Info: Setting qzc sub-encoding to TS1/0 on input line 392.
Package textcomp Info: Setting qhvc sub-encoding to TS1/0 on input line 393.
Package textcomp Info: Setting futs sub-encoding to TS1/4 on input line 394.
Package textcomp Info: Setting futx sub-encoding to TS1/4 on input line 395.
Package textcomp Info: Setting futj sub-encoding to TS1/4 on input line 396.
Package textcomp Info: Setting hlh sub-encoding to TS1/3 on input line 397.
Package textcomp Info: Setting hls sub-encoding to TS1/3 on input line 398.
Package textcomp Info: Setting hlst sub-encoding to TS1/3 on input line 399.
Package textcomp Info: Setting hlct sub-encoding to TS1/5 on input line 400.
Package textcomp Info: Setting hlx sub-encoding to TS1/5 on input line 401.
Package textcomp Info: Setting hlce sub-encoding to TS1/5 on input line 402.
Package textcomp Info: Setting hlcn sub-encoding to TS1/5 on input line 403.
Package textcomp Info: Setting hlcw sub-encoding to TS1/5 on input line 404.
Package textcomp Info: Setting hlcf sub-encoding to TS1/5 on input line 405.
Package textcomp Info: Setting pplx sub-encoding to TS1/3 on input line 406.
Package textcomp Info: Setting pplj sub-encoding to TS1/3 on input line 407.
Package textcomp Info: Setting ptmx sub-encoding to TS1/4 on input line 408.
Package textcomp Info: Setting ptmj sub-encoding to TS1/4 on input line 409.
))
(/Users/olegsofrygin/GoogleDrive/Network_TMLE/Betsy_sims_dependentY/simulations
_results_dependentY/Simulations_figures.aux)
\openout1 = `Simulations_figures.aux'.

LaTeX Font Info:    Checking defaults for OML/cmm/m/it on input line 118.
LaTeX Font Info:    ... okay on input line 118.
LaTeX Font Info:    Checking defaults for T1/cmr/m/n on input line 118.
LaTeX Font Info:    ... okay on input line 118.
LaTeX Font Info:    Checking defaults for OT1/cmr/m/n on input line 118.
LaTeX Font Info:    ... okay on input line 118.
LaTeX Font Info:    Checking defaults for OMS/cmsy/m/n on input line 118.
LaTeX Font Info:    ... okay on input line 118.
LaTeX Font Info:    Checking defaults for OMX/cmex/m/n on input line 118.
LaTeX Font Info:    ... okay on input line 118.
LaTeX Font Info:    Checking defaults for U/cmr/m/n on input line 118.
LaTeX Font Info:    ... okay on input line 118.
LaTeX Font Info:    Checking defaults for PD1/pdf/m/n on input line 118.
LaTeX Font Info:    ... okay on input line 118.
LaTeX Font Info:    Checking defaults for TS1/cmr/m/n on input line 118.
LaTeX Font Info:    Try loading font information for TS1+cmr on input line 118.

(/usr/local/texlive/2017/texmf-dist/tex/latex/base/ts1cmr.fd
File: ts1cmr.fd 2014/09/29 v2.5h Standard LaTeX font definitions
)
LaTeX Font Info:    ... okay on input line 118.
(/usr/local/texlive/2017/texmf-dist/tex/context/base/mkii/supp-pdf.mkii
[Loading MPS to PDF converter (version 2006.09.02).]
\scratchcounter=\count124
\scratchdimen=\dimen145
\scratchbox=\box30
\nofMPsegments=\count125
\nofMParguments=\count126
\everyMPshowfont=\toks32
\MPscratchCnt=\count127
\MPscratchDim=\dimen146
\MPnumerator=\count128
\makeMPintoPDFobject=\count129
\everyMPtoPDFconversion=\toks33
) (/usr/local/texlive/2017/texmf-dist/tex/latex/oberdiek/epstopdf-base.sty
Package: epstopdf-base 2016/05/15 v2.6 Base part for package epstopdf
(/usr/local/texlive/2017/texmf-dist/tex/latex/oberdiek/grfext.sty
Package: grfext 2016/05/16 v1.2 Manage graphics extensions (HO)
)
Package epstopdf-base Info: Redefining graphics rule for `.eps' on input line 4
38.
Package grfext Info: Graphics extension search list:
(grfext)             [.png,.pdf,.jpg,.mps,.jpeg,.jbig2,.jb2,.PNG,.PDF,.JPG,.JPE
G,.JBIG2,.JB2,.eps]
(grfext)             \AppendGraphicsExtensions on input line 456.
(/usr/local/texlive/2017/texmf-dist/tex/latex/latexconfig/epstopdf-sys.cfg
File: epstopdf-sys.cfg 2010/07/13 v1.3 Configuration of (r)epstopdf for TeX Liv
e
))
*geometry* driver: auto-detecting
*geometry* detected driver: pdftex
*geometry* verbose mode - [ preamble ] result:
* driver: pdftex
* paper: <default>
* layout: <same size as paper>
* layoutoffset:(h,v)=(0.0pt,0.0pt)
* modes: 
* h-part:(L,W,R)=(92.14519pt, 430.00462pt, 92.14519pt)
* v-part:(T,H,B)=(95.39737pt, 556.47656pt, 143.09605pt)
* \paperwidth=614.295pt
* \paperheight=794.96999pt
* \textwidth=430.00462pt
* \textheight=556.47656pt
* \oddsidemargin=19.8752pt
* \evensidemargin=19.8752pt
* \topmargin=-13.87262pt
* \headheight=12.0pt
* \headsep=25.0pt
* \topskip=10.0pt
* \footskip=30.0pt
* \marginparwidth=65.0pt
* \marginparsep=11.0pt
* \columnsep=10.0pt
* \skip\footins=9.0pt plus 4.0pt minus 2.0pt
* \hoffset=0.0pt
* \voffset=0.0pt
* \mag=1000
* \@twocolumnfalse
* \@twosidefalse
* \@mparswitchfalse
* \@reversemarginfalse
* (1in=72.27pt=25.4mm, 1cm=28.453pt)

\AtBeginShipoutBox=\box31
Package hyperref Info: Link coloring ON on input line 118.
(/usr/local/texlive/2017/texmf-dist/tex/latex/hyperref/nameref.sty
Package: nameref 2016/05/21 v2.44 Cross-referencing by name of section
(/usr/local/texlive/2017/texmf-dist/tex/generic/oberdiek/gettitlestring.sty
Package: gettitlestring 2016/05/16 v1.5 Cleanup title references (HO)
)
\c@section@level=\count130
)
LaTeX Info: Redefining \ref on input line 118.
LaTeX Info: Redefining \pageref on input line 118.
LaTeX Info: Redefining \nameref on input line 118.

(/Users/olegsofrygin/GoogleDrive/Network_TMLE/Betsy_sims_dependentY/simulations
_results_dependentY/Simulations_figures.out)
(/Users/olegsofrygin/GoogleDrive/Network_TMLE/Betsy_sims_dependentY/simulations
_results_dependentY/Simulations_figures.out)
\@outlinefile=\write3
\openout3 = `Simulations_figures.out'.

! Undefined control sequence.
l.119 \SweaveOpts
                 {concordance=TRUE}
The control sequence at the end of the top line
of your error message was never \def'ed. If you have
misspelled it (e.g., `\hobx'), type `I' and the correct
spelling (e.g., `I\hbox'). Otherwise just continue,
and I'll forget about whatever was undefined.

Package color Info: Redefining color shadecolor on input line 130.
<TablesFigs/knitR-unnamed-chunk-4-1.pdf, id=12, 314.17375pt x 162.6075pt>
File: TablesFigs/knitR-unnamed-chunk-4-1.pdf Graphic file (type pdf)
<use TablesFigs/knitR-unnamed-chunk-4-1.pdf>
Package pdftex.def Info: TablesFigs/knitR-unnamed-chunk-4-1.pdf used on input l
ine 132.
(pdftex.def)             Requested size: 314.17297pt x 162.61453pt.
<TablesFigs/knitR-unnamed-chunk-4-2.pdf, id=13, 314.17375pt x 161.60374pt>
File: TablesFigs/knitR-unnamed-chunk-4-2.pdf Graphic file (type pdf)
<use TablesFigs/knitR-unnamed-chunk-4-2.pdf>
Package pdftex.def Info: TablesFigs/knitR-unnamed-chunk-4-2.pdf used on input l
ine 133.
(pdftex.def)             Requested size: 314.17297pt x 161.61073pt.
Package color Info: Redefining color shadecolor on input line 147.
<TablesFigs/knitR-unnamed-chunk-6-1.pdf, id=14, 314.17375pt x 161.60374pt>
File: TablesFigs/knitR-unnamed-chunk-6-1.pdf Graphic file (type pdf)
<use TablesFigs/knitR-unnamed-chunk-6-1.pdf>
Package pdftex.def Info: TablesFigs/knitR-unnamed-chunk-6-1.pdf used on input l
ine 149.
(pdftex.def)             Requested size: 314.17297pt x 161.61073pt.
<TablesFigs/knitR-unnamed-chunk-6-2.pdf, id=15, 314.17375pt x 161.60374pt>
File: TablesFigs/knitR-unnamed-chunk-6-2.pdf Graphic file (type pdf)
<use TablesFigs/knitR-unnamed-chunk-6-2.pdf>
Package pdftex.def Info: TablesFigs/knitR-unnamed-chunk-6-2.pdf used on input l
ine 150.
(pdftex.def)             Requested size: 314.17297pt x 161.61073pt.
Package color Info: Redefining color shadecolor on input line 186.
<TablesFigs/knitR-CIres_EY_prefattach-1.pdf, id=16, 482.80376pt x 345.29pt>
File: TablesFigs/knitR-CIres_EY_prefattach-1.pdf Graphic file (type pdf)
<use TablesFigs/knitR-CIres_EY_prefattach-1.pdf>
Package pdftex.def Info: TablesFigs/knitR-CIres_EY_prefattach-1.pdf used on inp
ut line 188.
(pdftex.def)             Requested size: 430.00462pt x 307.53894pt.
Package color Info: Redefining color shadecolor on input line 199.

<TablesFigs/knitR-CIres_EY_prefattach_bw-1.pdf, id=17, 482.80376pt x 345.29pt>
File: TablesFigs/knitR-CIres_EY_prefattach_bw-1.pdf Graphic file (type pdf)
<use TablesFigs/knitR-CIres_EY_prefattach_bw-1.pdf>
Package pdftex.def Info: TablesFigs/knitR-CIres_EY_prefattach_bw-1.pdf used on 
input line 201.
(pdftex.def)             Requested size: 430.00462pt x 307.53894pt.
Package color Info: Redefining color shadecolor on input line 212.
<TablesFigs/knitR-CIres_EY_smwld-1.pdf, id=18, 482.80376pt x 345.29pt>
File: TablesFigs/knitR-CIres_EY_smwld-1.pdf Graphic file (type pdf)
<use TablesFigs/knitR-CIres_EY_smwld-1.pdf>
Package pdftex.def Info: TablesFigs/knitR-CIres_EY_smwld-1.pdf used on input li
ne 214.
(pdftex.def)             Requested size: 430.00462pt x 307.53894pt.
Package color Info: Redefining color shadecolor on input line 225.
<TablesFigs/knitR-CIres_EY_smwld_bw-1.pdf, id=19, 482.80376pt x 345.29pt>
File: TablesFigs/knitR-CIres_EY_smwld_bw-1.pdf Graphic file (type pdf)
<use TablesFigs/knitR-CIres_EY_smwld_bw-1.pdf>
Package pdftex.def Info: TablesFigs/knitR-CIres_EY_smwld_bw-1.pdf used on input
 line 227.
(pdftex.def)             Requested size: 430.00462pt x 307.53894pt.
Package color Info: Redefining color shadecolor on input line 238.

<TablesFigs/knitR-hist_TMLE_EY_prefattach-1.png, id=20, 786.94pt x 793.96625pt>
File: TablesFigs/knitR-hist_TMLE_EY_prefattach-1.png Graphic file (type png)
<use TablesFigs/knitR-hist_TMLE_EY_prefattach-1.png>
Package pdftex.def Info: TablesFigs/knitR-hist_TMLE_EY_prefattach-1.png used on
 input line 240.
(pdftex.def)             Requested size: 430.00462pt x 433.83577pt.
Package color Info: Redefining color shadecolor on input line 251.
<TablesFigs/knitR-hist_TMLE_EY_smwld-1.png, id=22, 786.94pt x 793.96625pt>
File: TablesFigs/knitR-hist_TMLE_EY_smwld-1.png Graphic file (type png)
<use TablesFigs/knitR-hist_TMLE_EY_smwld-1.png>
Package pdftex.def Info: TablesFigs/knitR-hist_TMLE_EY_smwld-1.png used on inpu
t line 253.
(pdftex.def)             Requested size: 430.00462pt x 433.83577pt.
[1{/usr/local/texlive/2017/texmf-var/fonts/map/pdftex/updmap/pdftex.map}pdfTeX 
warning (ext4): destination with the same identifier (name{figure.1}) has been 
already used, duplicate ignored

\AtBegShi@Output ...ipout \box \AtBeginShipoutBox 
                                                  \fi \fi 
l.264 \newpage
              

 </Users/olegsofrygin/GoogleDrive/Network_TMLE/Betsy_sims_dependentY/simulation
s_results_dependentY/TablesFigs/knitR-unnamed-chunk-4-1.pdf> </Users/olegsofryg
in/GoogleDrive/Network_TMLE/Betsy_sims_dependentY/simulations_results_dependent
Y/TablesFigs/knitR-unnamed-chunk-4-2.pdf>] [2pdfTeX warning (ext4): destination
 with the same identifier (name{figure.2}) has been already used, duplicate ign
ored

\AtBegShi@Output ...ipout \box \AtBeginShipoutBox 
                                                  \fi \fi 
l.264 \newpage
               </Users/olegsofrygin/GoogleDrive/Network_TMLE/Betsy_sims_depende
ntY/simulations_results_dependentY/TablesFigs/knitR-unnamed-chunk-6-1.pdf> </Us
ers/olegsofrygin/GoogleDrive/Network_TMLE/Betsy_sims_dependentY/simulations_res
ults_dependentY/TablesFigs/knitR-unnamed-chunk-6-2.pdf>] [3pdfTeX warning (ext4
): destination with the same identifier (name{figure.3}) has been already used,
 duplicate ignored

\AtBegShi@Output ...ipout \box \AtBeginShipoutBox 
                                                  \fi \fi 
l.264 \newpage
               </Users/olegsofrygin/GoogleDrive/Network_TMLE/Betsy_sims_depende
ntY/simulations_results_dependentY/TablesFigs/knitR-CIres_EY_prefattach-1.pdf>]
[4pdfTeX warning (ext4): destination with the same identifier (name{figure.4}) 
has been already used, duplicate ignored

\AtBegShi@Output ...ipout \box \AtBeginShipoutBox 
                                                  \fi \fi 
l.264 \newpage
               </Users/olegsofrygin/GoogleDrive/Network_TMLE/Betsy_sims_depende
ntY/simulations_results_dependentY/TablesFigs/knitR-CIres_EY_prefattach_bw-1.pd
f>] [5pdfTeX warning (ext4): destination with the same identifier (name{figure.
5}) has been already used, duplicate ignored

\AtBegShi@Output ...ipout \box \AtBeginShipoutBox 
                                                  \fi \fi 
l.264 \newpage
               </Users/olegsofrygin/GoogleDrive/Network_TMLE/Betsy_sims_depende
ntY/simulations_results_dependentY/TablesFigs/knitR-CIres_EY_smwld-1.pdf>] [6pd
fTeX warning (ext4): destination with the same identifier (name{figure.6}) has 
been already used, duplicate ignored

\AtBegShi@Output ...ipout \box \AtBeginShipoutBox 
                                                  \fi \fi 
l.264 \newpage
               </Users/olegsofrygin/GoogleDrive/Network_TMLE/Betsy_sims_depende
ntY/simulations_results_dependentY/TablesFigs/knitR-CIres_EY_smwld_bw-1.pdf>] [
7pdfTeX warning (ext4): destination with the same identifier (name{figure.7}) h
as been already used, duplicate ignored

\AtBegShi@Output ...ipout \box \AtBeginShipoutBox 
                                                  \fi \fi 
l.264 \newpage
               </Users/olegsofrygin/GoogleDrive/Network_TMLE/Betsy_sims_depende
ntY/simulations_results_dependentY/TablesFigs/knitR-hist_TMLE_EY_prefattach-1.p
ng>] [8pdfTeX warning (ext4): destination with the same identifier (name{figure
.8}) has been already used, duplicate ignored

\AtBegShi@Output ...ipout \box \AtBeginShipoutBox 
                                                  \fi \fi 
l.264 \newpage
               </Users/olegsofrygin/GoogleDrive/Network_TMLE/Betsy_sims_depende
ntY/simulations_results_dependentY/TablesFigs/knitR-hist_TMLE_EY_smwld-1.png>]
Package color Info: Redefining color shadecolor on input line 268.

<TablesFigs/knitR-CIres_ALL_prefattach-1.pdf, id=178, 482.80376pt x 556.0775pt>
File: TablesFigs/knitR-CIres_ALL_prefattach-1.pdf Graphic file (type pdf)
<use TablesFigs/knitR-CIres_ALL_prefattach-1.pdf>
Package pdftex.def Info: TablesFigs/knitR-CIres_ALL_prefattach-1.pdf used on in
put line 270.
(pdftex.def)             Requested size: 430.00462pt x 495.28076pt.
Package color Info: Redefining color shadecolor on input line 281.
<TablesFigs/knitR-CIres_ALL_smwld-1.pdf, id=179, 482.80376pt x 556.0775pt>
File: TablesFigs/knitR-CIres_ALL_smwld-1.pdf Graphic file (type pdf)
<use TablesFigs/knitR-CIres_ALL_smwld-1.pdf>
Package pdftex.def Info: TablesFigs/knitR-CIres_ALL_smwld-1.pdf used on input l
ine 283.
(pdftex.def)             Requested size: 430.00462pt x 495.28076pt.
Package color Info: Redefining color shadecolor on input line 294.
<TablesFigs/knitR-CIres_ATE_prefattach-1.pdf, id=180, 482.80376pt x 345.29pt>
File: TablesFigs/knitR-CIres_ATE_prefattach-1.pdf Graphic file (type pdf)
<use TablesFigs/knitR-CIres_ATE_prefattach-1.pdf>
Package pdftex.def Info: TablesFigs/knitR-CIres_ATE_prefattach-1.pdf used on in
put line 296.
(pdftex.def)             Requested size: 430.00462pt x 307.53894pt.
Package color Info: Redefining color shadecolor on input line 307.
<TablesFigs/knitR-CIres_ATE_smwld-1.pdf, id=181, 482.80376pt x 345.29pt>
File: TablesFigs/knitR-CIres_ATE_smwld-1.pdf Graphic file (type pdf)
<use TablesFigs/knitR-CIres_ATE_smwld-1.pdf>
Package pdftex.def Info: TablesFigs/knitR-CIres_ATE_smwld-1.pdf used on input l
ine 309.
(pdftex.def)             Requested size: 430.00462pt x 307.53894pt.
Package color Info: Redefining color shadecolor on input line 323.

<TablesFigs/knitR-hist_TMLE_ATE_prefattach-1.png, id=182, 567.11874pt x 572.137
5pt>
File: TablesFigs/knitR-hist_TMLE_ATE_prefattach-1.png Graphic file (type png)
<use TablesFigs/knitR-hist_TMLE_ATE_prefattach-1.png>
Package pdftex.def Info: TablesFigs/knitR-hist_TMLE_ATE_prefattach-1.png used o
n input line 325.
(pdftex.def)             Requested size: 430.00462pt x 433.82504pt.
Package color Info: Redefining color shadecolor on input line 335.

<TablesFigs/knitR-hist_TMLE_ATE_smwld-1.png, id=183, 567.11874pt x 572.1375pt>
File: TablesFigs/knitR-hist_TMLE_ATE_smwld-1.png Graphic file (type png)
<use TablesFigs/knitR-hist_TMLE_ATE_smwld-1.png>
Package pdftex.def Info: TablesFigs/knitR-hist_TMLE_ATE_smwld-1.png used on inp
ut line 337.
(pdftex.def)             Requested size: 430.00462pt x 433.82504pt.
Package color Info: Redefining color shadecolor on input line 351.

<TablesFigs/knitR-hist_IPTW_EY_prefattach-1.png, id=184, 567.11874pt x 572.1375
pt>
File: TablesFigs/knitR-hist_IPTW_EY_prefattach-1.png Graphic file (type png)
<use TablesFigs/knitR-hist_IPTW_EY_prefattach-1.png>
Package pdftex.def Info: TablesFigs/knitR-hist_IPTW_EY_prefattach-1.png used on
 input line 353.
(pdftex.def)             Requested size: 430.00462pt x 433.82504pt.
Package color Info: Redefining color shadecolor on input line 364.

<TablesFigs/knitR-hist_IPTW_ATE_prefattach-1.png, id=185, 567.11874pt x 572.137
5pt>
File: TablesFigs/knitR-hist_IPTW_ATE_prefattach-1.png Graphic file (type png)
<use TablesFigs/knitR-hist_IPTW_ATE_prefattach-1.png>
Package pdftex.def Info: TablesFigs/knitR-hist_IPTW_ATE_prefattach-1.png used o
n input line 366.
(pdftex.def)             Requested size: 430.00462pt x 433.82504pt.
Package color Info: Redefining color shadecolor on input line 377.
<TablesFigs/knitR-hist_IPTW_EY_smwld-1.png, id=186, 567.11874pt x 572.1375pt>
File: TablesFigs/knitR-hist_IPTW_EY_smwld-1.png Graphic file (type png)
<use TablesFigs/knitR-hist_IPTW_EY_smwld-1.png>
Package pdftex.def Info: TablesFigs/knitR-hist_IPTW_EY_smwld-1.png used on inpu
t line 379.
(pdftex.def)             Requested size: 430.00462pt x 433.82504pt.
Package color Info: Redefining color shadecolor on input line 390.

<TablesFigs/knitR-hist_IPTW_ATE_smwld-1.png, id=187, 567.11874pt x 572.1375pt>
File: TablesFigs/knitR-hist_IPTW_ATE_smwld-1.png Graphic file (type png)
<use TablesFigs/knitR-hist_IPTW_ATE_smwld-1.png>
Package pdftex.def Info: TablesFigs/knitR-hist_IPTW_ATE_smwld-1.png used on inp
ut line 392.
(pdftex.def)             Requested size: 430.00462pt x 433.82504pt.
Package atveryend Info: Empty hook `BeforeClearDocument' on input line 402.
[9] [10pdfTeX warning (ext4): destination with the same identifier (name{figure
.9}) has been already used, duplicate ignored

\AtBegShi@Output ...ipout \box \AtBeginShipoutBox 
                                                  \fi \fi 
l.402 \end{document}
                     </Users/olegsofrygin/GoogleDrive/Network_TMLE/Betsy_sims_d
ependentY/simulations_results_dependentY/TablesFigs/knitR-CIres_ALL_prefattach-
1.pdf>] [11pdfTeX warning (ext4): destination with the same identifier (name{fi
gure.10}) has been already used, duplicate ignored

\AtBegShi@Output ...ipout \box \AtBeginShipoutBox 
                                                  \fi \fi 
l.402 \end{document}
                     </Users/olegsofrygin/GoogleDrive/Network_TMLE/Betsy_sims_d
ependentY/simulations_results_dependentY/TablesFigs/knitR-CIres_ALL_smwld-1.pdf
>] [12pdfTeX warning (ext4): destination with the same identifier (name{figure.
11}) has been already used, duplicate ignored

\AtBegShi@Output ...ipout \box \AtBeginShipoutBox 
                                                  \fi \fi 
l.402 \end{document}
                     </Users/olegsofrygin/GoogleDrive/Network_TMLE/Betsy_sims_d
ependentY/simulations_results_dependentY/TablesFigs/knitR-CIres_ATE_prefattach-
1.pdf>] [13pdfTeX warning (ext4): destination with the same identifier (name{fi
gure.12}) has been already used, duplicate ignored

\AtBegShi@Output ...ipout \box \AtBeginShipoutBox 
                                                  \fi \fi 
l.402 \end{document}
                     </Users/olegsofrygin/GoogleDrive/Network_TMLE/Betsy_sims_d
ependentY/simulations_results_dependentY/TablesFigs/knitR-CIres_ATE_smwld-1.pdf
>] [14pdfTeX warning (ext4): destination with the same identifier (name{figure.
13}) has been already used, duplicate ignored

\AtBegShi@Output ...ipout \box \AtBeginShipoutBox 
                                                  \fi \fi 
l.402 \end{document}
                     </Users/olegsofrygin/GoogleDrive/Network_TMLE/Betsy_sims_d
ependentY/simulations_results_dependentY/TablesFigs/knitR-hist_TMLE_ATE_prefatt
ach-1.png>] [15pdfTeX warning (ext4): destination with the same identifier (nam
e{figure.14}) has been already used, duplicate ignored

\AtBegShi@Output ...ipout \box \AtBeginShipoutBox 
                                                  \fi \fi 
l.402 \end{document}
                     </Users/olegsofrygin/GoogleDrive/Network_TMLE/Betsy_sims_d
ependentY/simulations_results_dependentY/TablesFigs/knitR-hist_TMLE_ATE_smwld-1
.png>] [16pdfTeX warning (ext4): destination with the same identifier (name{fig
ure.15}) has been already used, duplicate ignored

\AtBegShi@Output ...ipout \box \AtBeginShipoutBox 
                                                  \fi \fi 
l.402 \end{document}
                     </Users/olegsofrygin/GoogleDrive/Network_TMLE/Betsy_sims_d
ependentY/simulations_results_dependentY/TablesFigs/knitR-hist_IPTW_EY_prefatta
ch-1.png>] [17pdfTeX warning (ext4): destination with the same identifier (name
{figure.16}) has been already used, duplicate ignored

\AtBegShi@Output ...ipout \box \AtBeginShipoutBox 
                                                  \fi \fi 
l.402 \end{document}
                     </Users/olegsofrygin/GoogleDrive/Network_TMLE/Betsy_sims_d
ependentY/simulations_results_dependentY/TablesFigs/knitR-hist_IPTW_ATE_prefatt
ach-1.png>] [18pdfTeX warning (ext4): destination with the same identifier (nam
e{figure.17}) has been already used, duplicate ignored

\AtBegShi@Output ...ipout \box \AtBeginShipoutBox 
                                                  \fi \fi 
l.402 \end{document}
                     </Users/olegsofrygin/GoogleDrive/Network_TMLE/Betsy_sims_d
ependentY/simulations_results_dependentY/TablesFigs/knitR-hist_IPTW_EY_smwld-1.
png>] [19pdfTeX warning (ext4): destination with the same identifier (name{figu
re.18}) has been already used, duplicate ignored

\AtBegShi@Output ...ipout \box \AtBeginShipoutBox 
                                                  \fi \fi 
l.402 \end{document}
                     </Users/olegsofrygin/GoogleDrive/Network_TMLE/Betsy_sims_d
ependentY/simulations_results_dependentY/TablesFigs/knitR-hist_IPTW_ATE_smwld-1
.png>]
Package atveryend Info: Empty hook `AfterLastShipout' on input line 402.

(/Users/olegsofrygin/GoogleDrive/Network_TMLE/Betsy_sims_dependentY/simulations
_results_dependentY/Simulations_figures.aux)
Package atveryend Info: Executing hook `AtVeryEndDocument' on input line 402.
Package atveryend Info: Executing hook `AtEndAfterFileList' on input line 402.
Package rerunfilecheck Info: File `Simulations_figures.out' has not changed.
(rerunfilecheck)             Checksum: E986B18FDD3E27767B0203F5036197E1;103.
Package atveryend Info: Empty hook `AtVeryVeryEnd' on input line 402.
 ) 
Here is how much of TeX's memory you used:
 8482 strings out of 492995
 124855 string characters out of 6132704
 223128 words of memory out of 5000000
 11846 multiletter control sequences out of 15000+600000
 6710 words of font info for 18 fonts, out of 8000000 for 9000
 1141 hyphenation exceptions out of 8191
 28i,6n,32p,655b,343s stack positions out of 5000i,500n,10000p,200000b,80000s
{/usr/local/texlive/2017/texmf-dist/fonts/enc/dvips/cm-super/cm-super-t1.enc}
</usr/local/texlive/2017/texmf-dist/fonts/type1/public/cm-super/sfbx1440.pfb></
usr/local/texlive/2017/texmf-dist/fonts/type1/public/cm-super/sfrm1000.pfb>
Output written on /Users/olegsofrygin/GoogleDrive/Network_TMLE/Betsy_sims_depen
dentY/simulations_results_dependentY/Simulations_figures.pdf (19 pages, 1033045
 bytes).
PDF statistics:
 353 PDF objects out of 1000 (max. 8388607)
 251 compressed objects within 3 object streams
 40 named destinations out of 1000 (max. 500000)
 117 words of extra memory for PDF output out of 10000 (max. 10000000)

